This file contains any messages produced by compilers while
running configure, to aid debugging if configure makes a mistake.

It was created by dptcpp configure 0.1, which was
generated by GNU Autoconf 2.68.  Invocation command line was

  $ ./configure 

## --------- ##
## Platform. ##
## --------- ##

hostname = athen
uname -m = i686
uname -r = 3.0-ARCH
uname -s = Linux
uname -v = #1 SMP PREEMPT Tue Oct 4 14:14:41 UTC 2011

/usr/bin/uname -p = unknown
/bin/uname -X     = unknown

/bin/arch              = i686
/usr/bin/arch -k       = unknown
/usr/convex/getsysinfo = unknown
/usr/bin/hostinfo      = unknown
/bin/machine           = unknown
/usr/bin/oslevel       = unknown
/bin/universe          = unknown

PATH: /usr/local/bin
PATH: /usr/bin
PATH: /bin
PATH: /usr/local/sbin
PATH: /usr/sbin
PATH: /sbin
PATH: /opt/java/bin
PATH: /opt/java/db/bin
PATH: /opt/java/jre/bin
PATH: /usr/bin/core_perl
PATH: /opt/qt/bin
PATH: /home/denes/Devel/Bleeding/denprot/clidev


## ----------- ##
## Core tests. ##
## ----------- ##

configure:2425: checking build system type
configure:2439: result: i686-pc-linux-gnu
configure:2459: checking host system type
configure:2472: result: i686-pc-linux-gnu
configure:2513: checking how to print strings
configure:2540: result: printf
configure:2609: checking for gcc
configure:2625: found /usr/bin/gcc
configure:2636: result: gcc
configure:2865: checking for C compiler version
configure:2874: gcc --version >&5
gcc (GCC) 4.6.1 20110819 (prerelease)
Copyright (C) 2011 Free Software Foundation, Inc.
This is free software; see the source for copying conditions.  There is NO
warranty; not even for MERCHANTABILITY or FITNESS FOR A PARTICULAR PURPOSE.

configure:2885: $? = 0
configure:2874: gcc -v >&5
Using built-in specs.
COLLECT_GCC=gcc
COLLECT_LTO_WRAPPER=/usr/lib/gcc/i686-pc-linux-gnu/4.6.1/lto-wrapper
Target: i686-pc-linux-gnu
Configured with: /build/src/gcc-4.6-20110819/configure --prefix=/usr --libdir=/usr/lib --libexecdir=/usr/lib --mandir=/usr/share/man --infodir=/usr/share/info --with-bugurl=https://bugs.archlinux.org/ --enable-languages=c,c++,ada,fortran,go,lto,objc,obj-c++ --enable-shared --enable-threads=posix --with-system-zlib --enable-__cxa_atexit --disable-libunwind-exceptions --enable-clocale=gnu --enable-gnu-unique-object --enable-linker-build-id --with-ppl --enable-cloog-backend=isl --enable-lto --enable-gold --enable-ld=default --enable-plugin --with-plugin-ld=ld.gold --disable-multilib --disable-libssp --disable-libstdcxx-pch --enable-checking=release
Thread model: posix
gcc version 4.6.1 20110819 (prerelease) (GCC) 
configure:2885: $? = 0
configure:2874: gcc -V >&5
gcc: error: unrecognized option '-V'
gcc: fatal error: no input files
compilation terminated.
configure:2885: $? = 1
configure:2874: gcc -qversion >&5
gcc: error: unrecognized option '-qversion'
gcc: fatal error: no input files
compilation terminated.
configure:2885: $? = 1
configure:2905: checking whether the C compiler works
configure:2927: gcc    conftest.c  >&5
configure:2931: $? = 0
configure:2979: result: yes
configure:2982: checking for C compiler default output file name
configure:2984: result: a.out
configure:2990: checking for suffix of executables
configure:2997: gcc -o conftest    conftest.c  >&5
configure:3001: $? = 0
configure:3023: result: 
configure:3045: checking whether we are cross compiling
configure:3053: gcc -o conftest    conftest.c  >&5
configure:3057: $? = 0
configure:3064: ./conftest
configure:3068: $? = 0
configure:3083: result: no
configure:3088: checking for suffix of object files
configure:3110: gcc -c   conftest.c >&5
configure:3114: $? = 0
configure:3135: result: o
configure:3139: checking whether we are using the GNU C compiler
configure:3158: gcc -c   conftest.c >&5
configure:3158: $? = 0
configure:3167: result: yes
configure:3176: checking whether gcc accepts -g
configure:3196: gcc -c -g  conftest.c >&5
configure:3196: $? = 0
configure:3237: result: yes
configure:3254: checking for gcc option to accept ISO C89
configure:3318: gcc  -c -g -O2  conftest.c >&5
configure:3318: $? = 0
configure:3331: result: none needed
configure:3351: checking for a sed that does not truncate output
configure:3415: result: /bin/sed
configure:3433: checking for grep that handles long lines and -e
configure:3491: result: /bin/grep
configure:3496: checking for egrep
configure:3558: result: /bin/grep -E
configure:3563: checking for fgrep
configure:3625: result: /bin/grep -F
configure:3660: checking for ld used by gcc
configure:3727: result: /usr/bin/ld
configure:3734: checking if the linker (/usr/bin/ld) is GNU ld
configure:3749: result: yes
configure:3761: checking for BSD- or MS-compatible name lister (nm)
configure:3810: result: /usr/bin/nm -B
configure:3940: checking the name lister (/usr/bin/nm -B) interface
configure:3947: gcc -c -g -O2  conftest.c >&5
configure:3950: /usr/bin/nm -B "conftest.o"
configure:3953: output
00000000 B some_variable
configure:3960: result: BSD nm
configure:3963: checking whether ln -s works
configure:3967: result: yes
configure:3975: checking the maximum length of command line arguments
configure:4100: result: 1572864
configure:4117: checking whether the shell understands some XSI constructs
configure:4127: result: yes
configure:4131: checking whether the shell understands "+="
configure:4137: result: yes
configure:4172: checking how to convert i686-pc-linux-gnu file names to i686-pc-linux-gnu format
configure:4212: result: func_convert_file_noop
configure:4219: checking how to convert i686-pc-linux-gnu file names to toolchain format
configure:4239: result: func_convert_file_noop
configure:4246: checking for /usr/bin/ld option to reload object files
configure:4253: result: -r
configure:4327: checking for objdump
configure:4343: found /usr/bin/objdump
configure:4354: result: objdump
configure:4386: checking how to recognize dependent libraries
configure:4588: result: pass_all
configure:4673: checking for dlltool
configure:4703: result: no
configure:4733: checking how to associate runtime and link libraries
configure:4760: result: printf %s\n
configure:4821: checking for ar
configure:4837: found /usr/bin/ar
configure:4848: result: ar
configure:4885: checking for archiver @FILE support
configure:4902: gcc -c -g -O2  conftest.c >&5
configure:4902: $? = 0
configure:4905: ar cru libconftest.a @conftest.lst >&5
configure:4908: $? = 0
configure:4913: ar cru libconftest.a @conftest.lst >&5
ar: conftest.o: No such file or directory
configure:4916: $? = 1
configure:4928: result: @
configure:4986: checking for strip
configure:5002: found /usr/bin/strip
configure:5013: result: strip
configure:5085: checking for ranlib
configure:5101: found /usr/bin/ranlib
configure:5112: result: ranlib
configure:5189: checking for gawk
configure:5205: found /usr/bin/gawk
configure:5216: result: gawk
configure:5256: checking command to parse /usr/bin/nm -B output from gcc object
configure:5375: gcc -c -g -O2  conftest.c >&5
configure:5378: $? = 0
configure:5382: /usr/bin/nm -B conftest.o \| sed -n -e 's/^.*[ ]\([ABCDGIRSTW][ABCDGIRSTW]*\)[ ][ ]*\([_A-Za-z][_A-Za-z0-9]*\)$/\1 \2 \2/p' | sed '/ __gnu_lto/d' \> conftest.nm
configure:5385: $? = 0
configure:5451: gcc -o conftest -g -O2   conftest.c conftstm.o >&5
configure:5454: $? = 0
configure:5492: result: ok
configure:5529: checking for sysroot
configure:5559: result: no
configure:5802: checking for mt
configure:5832: result: no
configure:5852: checking if : is a manifest tool
configure:5858: : '-?'
configure:5866: result: no
configure:6498: checking how to run the C preprocessor
configure:6529: gcc -E  conftest.c
configure:6529: $? = 0
configure:6543: gcc -E  conftest.c
conftest.c:9:28: fatal error: ac_nonexistent.h: No such file or directory
compilation terminated.
configure:6543: $? = 1
configure: failed program was:
| /* confdefs.h */
| #define PACKAGE_NAME "dptcpp"
| #define PACKAGE_TARNAME "dptcpp"
| #define PACKAGE_VERSION "0.1"
| #define PACKAGE_STRING "dptcpp 0.1"
| #define PACKAGE_BUGREPORT "denes.almasi@gmail.com"
| #define PACKAGE_URL ""
| /* end confdefs.h.  */
| #include <ac_nonexistent.h>
configure:6568: result: gcc -E
configure:6588: gcc -E  conftest.c
configure:6588: $? = 0
configure:6602: gcc -E  conftest.c
conftest.c:9:28: fatal error: ac_nonexistent.h: No such file or directory
compilation terminated.
configure:6602: $? = 1
configure: failed program was:
| /* confdefs.h */
| #define PACKAGE_NAME "dptcpp"
| #define PACKAGE_TARNAME "dptcpp"
| #define PACKAGE_VERSION "0.1"
| #define PACKAGE_STRING "dptcpp 0.1"
| #define PACKAGE_BUGREPORT "denes.almasi@gmail.com"
| #define PACKAGE_URL ""
| /* end confdefs.h.  */
| #include <ac_nonexistent.h>
configure:6631: checking for ANSI C header files
configure:6651: gcc -c -g -O2  conftest.c >&5
configure:6651: $? = 0
configure:6724: gcc -o conftest -g -O2   conftest.c  >&5
configure:6724: $? = 0
configure:6724: ./conftest
configure:6724: $? = 0
configure:6735: result: yes
configure:6748: checking for sys/types.h
configure:6748: gcc -c -g -O2  conftest.c >&5
configure:6748: $? = 0
configure:6748: result: yes
configure:6748: checking for sys/stat.h
configure:6748: gcc -c -g -O2  conftest.c >&5
configure:6748: $? = 0
configure:6748: result: yes
configure:6748: checking for stdlib.h
configure:6748: gcc -c -g -O2  conftest.c >&5
configure:6748: $? = 0
configure:6748: result: yes
configure:6748: checking for string.h
configure:6748: gcc -c -g -O2  conftest.c >&5
configure:6748: $? = 0
configure:6748: result: yes
configure:6748: checking for memory.h
configure:6748: gcc -c -g -O2  conftest.c >&5
configure:6748: $? = 0
configure:6748: result: yes
configure:6748: checking for strings.h
configure:6748: gcc -c -g -O2  conftest.c >&5
configure:6748: $? = 0
configure:6748: result: yes
configure:6748: checking for inttypes.h
configure:6748: gcc -c -g -O2  conftest.c >&5
configure:6748: $? = 0
configure:6748: result: yes
configure:6748: checking for stdint.h
configure:6748: gcc -c -g -O2  conftest.c >&5
configure:6748: $? = 0
configure:6748: result: yes
configure:6748: checking for unistd.h
configure:6748: gcc -c -g -O2  conftest.c >&5
configure:6748: $? = 0
configure:6748: result: yes
configure:6762: checking for dlfcn.h
configure:6762: gcc -c -g -O2  conftest.c >&5
configure:6762: $? = 0
configure:6762: result: yes
configure:6949: checking for objdir
configure:6964: result: .libs
configure:7231: checking if gcc supports -fno-rtti -fno-exceptions
configure:7249: gcc -c -g -O2  -fno-rtti -fno-exceptions conftest.c >&5
cc1: warning: command line option '-fno-rtti' is valid for C++/ObjC++ but not for C [enabled by default]
configure:7253: $? = 0
configure:7266: result: no
configure:7576: checking for gcc option to produce PIC
configure:7583: result: -fPIC -DPIC
configure:7591: checking if gcc PIC flag -fPIC -DPIC works
configure:7609: gcc -c -g -O2  -fPIC -DPIC -DPIC conftest.c >&5
configure:7613: $? = 0
configure:7626: result: yes
configure:7655: checking if gcc static flag -static works
configure:7683: result: yes
configure:7698: checking if gcc supports -c -o file.o
configure:7719: gcc -c -g -O2  -o out/conftest2.o conftest.c >&5
configure:7723: $? = 0
configure:7745: result: yes
configure:7753: checking if gcc supports -c -o file.o
configure:7800: result: yes
configure:7833: checking whether the gcc linker (/usr/bin/ld) supports shared libraries
configure:8991: result: yes
configure:9028: checking whether -lc should be explicitly linked in
configure:9036: gcc -c -g -O2  conftest.c >&5
configure:9039: $? = 0
configure:9054: gcc -shared  -fPIC -DPIC conftest.o  -v -Wl,-soname -Wl,conftest -o conftest 2\>\&1 \| /bin/grep  -lc  \>/dev/null 2\>\&1
configure:9057: $? = 0
configure:9071: result: no
configure:9236: checking dynamic linker characteristics
configure:9750: gcc -o conftest -g -O2   -Wl,-rpath -Wl,/foo conftest.c  >&5
configure:9750: $? = 0
configure:9972: result: GNU/Linux ld.so
configure:10079: checking how to hardcode library paths into programs
configure:10104: result: immediate
configure:10644: checking whether stripping libraries is possible
configure:10649: result: yes
configure:10684: checking if libtool supports shared libraries
configure:10686: result: yes
configure:10689: checking whether to build shared libraries
configure:10710: result: yes
configure:10713: checking whether to build static libraries
configure:10717: result: yes
configure:10768: checking for a BSD-compatible install
configure:10836: result: /bin/install -c
configure:10847: checking whether build environment is sane
configure:10897: result: yes
configure:11038: checking for a thread-safe mkdir -p
configure:11077: result: /bin/mkdir -p
configure:11086: checking whether make sets $(MAKE)
configure:11108: result: yes
configure:11138: checking for style of include used by make
configure:11166: result: GNU
configure:11251: checking dependency style of gcc
configure:11361: result: gcc3
configure:11435: checking for g++
configure:11451: found /usr/bin/g++
configure:11462: result: g++
configure:11489: checking for C++ compiler version
configure:11498: g++ --version >&5
g++ (GCC) 4.6.1 20110819 (prerelease)
Copyright (C) 2011 Free Software Foundation, Inc.
This is free software; see the source for copying conditions.  There is NO
warranty; not even for MERCHANTABILITY or FITNESS FOR A PARTICULAR PURPOSE.

configure:11509: $? = 0
configure:11498: g++ -v >&5
Using built-in specs.
COLLECT_GCC=g++
COLLECT_LTO_WRAPPER=/usr/lib/gcc/i686-pc-linux-gnu/4.6.1/lto-wrapper
Target: i686-pc-linux-gnu
Configured with: /build/src/gcc-4.6-20110819/configure --prefix=/usr --libdir=/usr/lib --libexecdir=/usr/lib --mandir=/usr/share/man --infodir=/usr/share/info --with-bugurl=https://bugs.archlinux.org/ --enable-languages=c,c++,ada,fortran,go,lto,objc,obj-c++ --enable-shared --enable-threads=posix --with-system-zlib --enable-__cxa_atexit --disable-libunwind-exceptions --enable-clocale=gnu --enable-gnu-unique-object --enable-linker-build-id --with-ppl --enable-cloog-backend=isl --enable-lto --enable-gold --enable-ld=default --enable-plugin --with-plugin-ld=ld.gold --disable-multilib --disable-libssp --disable-libstdcxx-pch --enable-checking=release
Thread model: posix
gcc version 4.6.1 20110819 (prerelease) (GCC) 
configure:11509: $? = 0
configure:11498: g++ -V >&5
g++: error: unrecognized option '-V'
g++: fatal error: no input files
compilation terminated.
configure:11509: $? = 1
configure:11498: g++ -qversion >&5
g++: error: unrecognized option '-qversion'
g++: fatal error: no input files
compilation terminated.
configure:11509: $? = 1
configure:11513: checking whether we are using the GNU C++ compiler
configure:11532: g++ -c   conftest.cpp >&5
configure:11532: $? = 0
configure:11541: result: yes
configure:11550: checking whether g++ accepts -g
configure:11570: g++ -c -g  conftest.cpp >&5
configure:11570: $? = 0
configure:11611: result: yes
configure:11636: checking dependency style of g++
configure:11746: result: gcc3
configure:11780: checking how to run the C++ preprocessor
configure:11807: g++ -E  conftest.cpp
configure:11807: $? = 0
configure:11821: g++ -E  conftest.cpp
conftest.cpp:23:28: fatal error: ac_nonexistent.h: No such file or directory
compilation terminated.
configure:11821: $? = 1
configure: failed program was:
| /* confdefs.h */
| #define PACKAGE_NAME "dptcpp"
| #define PACKAGE_TARNAME "dptcpp"
| #define PACKAGE_VERSION "0.1"
| #define PACKAGE_STRING "dptcpp 0.1"
| #define PACKAGE_BUGREPORT "denes.almasi@gmail.com"
| #define PACKAGE_URL ""
| #define STDC_HEADERS 1
| #define HAVE_SYS_TYPES_H 1
| #define HAVE_SYS_STAT_H 1
| #define HAVE_STDLIB_H 1
| #define HAVE_STRING_H 1
| #define HAVE_MEMORY_H 1
| #define HAVE_STRINGS_H 1
| #define HAVE_INTTYPES_H 1
| #define HAVE_STDINT_H 1
| #define HAVE_UNISTD_H 1
| #define HAVE_DLFCN_H 1
| #define LT_OBJDIR ".libs/"
| #define PACKAGE "dptcpp"
| #define VERSION "0.1"
| /* end confdefs.h.  */
| #include <ac_nonexistent.h>
configure:11846: result: g++ -E
configure:11866: g++ -E  conftest.cpp
configure:11866: $? = 0
configure:11880: g++ -E  conftest.cpp
conftest.cpp:23:28: fatal error: ac_nonexistent.h: No such file or directory
compilation terminated.
configure:11880: $? = 1
configure: failed program was:
| /* confdefs.h */
| #define PACKAGE_NAME "dptcpp"
| #define PACKAGE_TARNAME "dptcpp"
| #define PACKAGE_VERSION "0.1"
| #define PACKAGE_STRING "dptcpp 0.1"
| #define PACKAGE_BUGREPORT "denes.almasi@gmail.com"
| #define PACKAGE_URL ""
| #define STDC_HEADERS 1
| #define HAVE_SYS_TYPES_H 1
| #define HAVE_SYS_STAT_H 1
| #define HAVE_STDLIB_H 1
| #define HAVE_STRING_H 1
| #define HAVE_MEMORY_H 1
| #define HAVE_STRINGS_H 1
| #define HAVE_INTTYPES_H 1
| #define HAVE_STDINT_H 1
| #define HAVE_UNISTD_H 1
| #define HAVE_DLFCN_H 1
| #define LT_OBJDIR ".libs/"
| #define PACKAGE "dptcpp"
| #define VERSION "0.1"
| /* end confdefs.h.  */
| #include <ac_nonexistent.h>
configure:12050: checking for ld used by g++
configure:12117: result: /usr/bin/ld
configure:12124: checking if the linker (/usr/bin/ld) is GNU ld
configure:12139: result: yes
configure:12194: checking whether the g++ linker (/usr/bin/ld) supports shared libraries
configure:13198: result: yes
configure:13233: g++ -c -g -O2  conftest.cpp >&5
configure:13236: $? = 0
configure:13756: checking for g++ option to produce PIC
configure:13763: result: -fPIC -DPIC
configure:13771: checking if g++ PIC flag -fPIC -DPIC works
configure:13789: g++ -c -g -O2  -fPIC -DPIC -DPIC conftest.cpp >&5
configure:13793: $? = 0
configure:13806: result: yes
configure:13829: checking if g++ static flag -static works
configure:13857: result: yes
configure:13869: checking if g++ supports -c -o file.o
configure:13890: g++ -c -g -O2  -o out/conftest2.o conftest.cpp >&5
configure:13894: $? = 0
configure:13916: result: yes
configure:13921: checking if g++ supports -c -o file.o
configure:13968: result: yes
configure:13998: checking whether the g++ linker (/usr/bin/ld) supports shared libraries
configure:14032: result: yes
configure:14175: checking dynamic linker characteristics
configure:14845: result: GNU/Linux ld.so
configure:14898: checking how to hardcode library paths into programs
configure:14923: result: immediate
configure:15081: checking for C++ compiler version
configure:15090: g++ --version >&5
g++ (GCC) 4.6.1 20110819 (prerelease)
Copyright (C) 2011 Free Software Foundation, Inc.
This is free software; see the source for copying conditions.  There is NO
warranty; not even for MERCHANTABILITY or FITNESS FOR A PARTICULAR PURPOSE.

configure:15101: $? = 0
configure:15090: g++ -v >&5
Using built-in specs.
COLLECT_GCC=g++
COLLECT_LTO_WRAPPER=/usr/lib/gcc/i686-pc-linux-gnu/4.6.1/lto-wrapper
Target: i686-pc-linux-gnu
Configured with: /build/src/gcc-4.6-20110819/configure --prefix=/usr --libdir=/usr/lib --libexecdir=/usr/lib --mandir=/usr/share/man --infodir=/usr/share/info --with-bugurl=https://bugs.archlinux.org/ --enable-languages=c,c++,ada,fortran,go,lto,objc,obj-c++ --enable-shared --enable-threads=posix --with-system-zlib --enable-__cxa_atexit --disable-libunwind-exceptions --enable-clocale=gnu --enable-gnu-unique-object --enable-linker-build-id --with-ppl --enable-cloog-backend=isl --enable-lto --enable-gold --enable-ld=default --enable-plugin --with-plugin-ld=ld.gold --disable-multilib --disable-libssp --disable-libstdcxx-pch --enable-checking=release
Thread model: posix
gcc version 4.6.1 20110819 (prerelease) (GCC) 
configure:15101: $? = 0
configure:15090: g++ -V >&5
g++: error: unrecognized option '-V'
g++: fatal error: no input files
compilation terminated.
configure:15101: $? = 1
configure:15090: g++ -qversion >&5
g++: error: unrecognized option '-qversion'
g++: fatal error: no input files
compilation terminated.
configure:15101: $? = 1
configure:15105: checking whether we are using the GNU C++ compiler
configure:15133: result: yes
configure:15142: checking whether g++ accepts -g
configure:15203: result: yes
configure:15228: checking dependency style of g++
configure:15338: result: gcc3
configure:15401: checking for gcc
configure:15428: result: gcc
configure:15657: checking for C compiler version
configure:15666: gcc --version >&5
gcc (GCC) 4.6.1 20110819 (prerelease)
Copyright (C) 2011 Free Software Foundation, Inc.
This is free software; see the source for copying conditions.  There is NO
warranty; not even for MERCHANTABILITY or FITNESS FOR A PARTICULAR PURPOSE.

configure:15677: $? = 0
configure:15666: gcc -v >&5
Using built-in specs.
COLLECT_GCC=gcc
COLLECT_LTO_WRAPPER=/usr/lib/gcc/i686-pc-linux-gnu/4.6.1/lto-wrapper
Target: i686-pc-linux-gnu
Configured with: /build/src/gcc-4.6-20110819/configure --prefix=/usr --libdir=/usr/lib --libexecdir=/usr/lib --mandir=/usr/share/man --infodir=/usr/share/info --with-bugurl=https://bugs.archlinux.org/ --enable-languages=c,c++,ada,fortran,go,lto,objc,obj-c++ --enable-shared --enable-threads=posix --with-system-zlib --enable-__cxa_atexit --disable-libunwind-exceptions --enable-clocale=gnu --enable-gnu-unique-object --enable-linker-build-id --with-ppl --enable-cloog-backend=isl --enable-lto --enable-gold --enable-ld=default --enable-plugin --with-plugin-ld=ld.gold --disable-multilib --disable-libssp --disable-libstdcxx-pch --enable-checking=release
Thread model: posix
gcc version 4.6.1 20110819 (prerelease) (GCC) 
configure:15677: $? = 0
configure:15666: gcc -V >&5
gcc: error: unrecognized option '-V'
gcc: fatal error: no input files
compilation terminated.
configure:15677: $? = 1
configure:15666: gcc -qversion >&5
gcc: error: unrecognized option '-qversion'
gcc: fatal error: no input files
compilation terminated.
configure:15677: $? = 1
configure:15681: checking whether we are using the GNU C compiler
configure:15709: result: yes
configure:15718: checking whether gcc accepts -g
configure:15779: result: yes
configure:15796: checking for gcc option to accept ISO C89
configure:15873: result: none needed
configure:15900: checking for stdlib.h
configure:15900: result: yes
configure:15900: checking for string.h
configure:15900: result: yes
configure:15912: checking for stdbool.h that conforms to C99
configure:15979: gcc -c -g -O2  conftest.c >&5
configure:15979: $? = 0
configure:15986: result: yes
configure:15988: checking for _Bool
configure:15988: gcc -c -g -O2  conftest.c >&5
configure:15988: $? = 0
configure:15988: gcc -c -g -O2  conftest.c >&5
conftest.c: In function 'main':
conftest.c:61:20: error: expected expression before ')' token
configure:15988: $? = 1
configure: failed program was:
| /* confdefs.h */
| #define PACKAGE_NAME "dptcpp"
| #define PACKAGE_TARNAME "dptcpp"
| #define PACKAGE_VERSION "0.1"
| #define PACKAGE_STRING "dptcpp 0.1"
| #define PACKAGE_BUGREPORT "denes.almasi@gmail.com"
| #define PACKAGE_URL ""
| #define STDC_HEADERS 1
| #define HAVE_SYS_TYPES_H 1
| #define HAVE_SYS_STAT_H 1
| #define HAVE_STDLIB_H 1
| #define HAVE_STRING_H 1
| #define HAVE_MEMORY_H 1
| #define HAVE_STRINGS_H 1
| #define HAVE_INTTYPES_H 1
| #define HAVE_STDINT_H 1
| #define HAVE_UNISTD_H 1
| #define HAVE_DLFCN_H 1
| #define LT_OBJDIR ".libs/"
| #define PACKAGE "dptcpp"
| #define VERSION "0.1"
| #define HAVE_STDLIB_H 1
| #define HAVE_STRING_H 1
| /* end confdefs.h.  */
| #include <stdio.h>
| #ifdef HAVE_SYS_TYPES_H
| # include <sys/types.h>
| #endif
| #ifdef HAVE_SYS_STAT_H
| # include <sys/stat.h>
| #endif
| #ifdef STDC_HEADERS
| # include <stdlib.h>
| # include <stddef.h>
| #else
| # ifdef HAVE_STDLIB_H
| #  include <stdlib.h>
| # endif
| #endif
| #ifdef HAVE_STRING_H
| # if !defined STDC_HEADERS && defined HAVE_MEMORY_H
| #  include <memory.h>
| # endif
| # include <string.h>
| #endif
| #ifdef HAVE_STRINGS_H
| # include <strings.h>
| #endif
| #ifdef HAVE_INTTYPES_H
| # include <inttypes.h>
| #endif
| #ifdef HAVE_STDINT_H
| # include <stdint.h>
| #endif
| #ifdef HAVE_UNISTD_H
| # include <unistd.h>
| #endif
| int
| main ()
| {
| if (sizeof ((_Bool)))
| 	    return 0;
|   ;
|   return 0;
| }
configure:15988: result: yes
configure:16147: creating ./config.status

## ---------------------- ##
## Running config.status. ##
## ---------------------- ##

This file was extended by dptcpp config.status 0.1, which was
generated by GNU Autoconf 2.68.  Invocation command line was

  CONFIG_FILES    = 
  CONFIG_HEADERS  = 
  CONFIG_LINKS    = 
  CONFIG_COMMANDS = 
  $ ./config.status 

on athen

config.status:1157: creating Makefile
config.status:1157: creating src/Makefile
config.status:1157: creating inc/Makefile
config.status:1157: creating config.h
config.status:1338: config.h is unchanged
config.status:1386: executing libtool commands
config.status:1386: executing depfiles commands

## ---------------- ##
## Cache variables. ##
## ---------------- ##

ac_cv_build=i686-pc-linux-gnu
ac_cv_c_compiler_gnu=yes
ac_cv_cxx_compiler_gnu=yes
ac_cv_env_CCC_set=
ac_cv_env_CCC_value=
ac_cv_env_CC_set=
ac_cv_env_CC_value=
ac_cv_env_CFLAGS_set=
ac_cv_env_CFLAGS_value=
ac_cv_env_CPPFLAGS_set=
ac_cv_env_CPPFLAGS_value=
ac_cv_env_CPP_set=
ac_cv_env_CPP_value=
ac_cv_env_CXXCPP_set=
ac_cv_env_CXXCPP_value=
ac_cv_env_CXXFLAGS_set=
ac_cv_env_CXXFLAGS_value=
ac_cv_env_CXX_set=
ac_cv_env_CXX_value=
ac_cv_env_LDFLAGS_set=
ac_cv_env_LDFLAGS_value=
ac_cv_env_LIBS_set=
ac_cv_env_LIBS_value=
ac_cv_env_build_alias_set=
ac_cv_env_build_alias_value=
ac_cv_env_host_alias_set=
ac_cv_env_host_alias_value=
ac_cv_env_target_alias_set=
ac_cv_env_target_alias_value=
ac_cv_header_dlfcn_h=yes
ac_cv_header_inttypes_h=yes
ac_cv_header_memory_h=yes
ac_cv_header_stdbool_h=yes
ac_cv_header_stdc=yes
ac_cv_header_stdint_h=yes
ac_cv_header_stdlib_h=yes
ac_cv_header_string_h=yes
ac_cv_header_strings_h=yes
ac_cv_header_sys_stat_h=yes
ac_cv_header_sys_types_h=yes
ac_cv_header_unistd_h=yes
ac_cv_host=i686-pc-linux-gnu
ac_cv_objext=o
ac_cv_path_EGREP='/bin/grep -E'
ac_cv_path_FGREP='/bin/grep -F'
ac_cv_path_GREP=/bin/grep
ac_cv_path_SED=/bin/sed
ac_cv_path_install='/bin/install -c'
ac_cv_path_mkdir=/bin/mkdir
ac_cv_prog_AWK=gawk
ac_cv_prog_CPP='gcc -E'
ac_cv_prog_CXXCPP='g++ -E'
ac_cv_prog_ac_ct_AR=ar
ac_cv_prog_ac_ct_CC=gcc
ac_cv_prog_ac_ct_CXX=g++
ac_cv_prog_ac_ct_OBJDUMP=objdump
ac_cv_prog_ac_ct_RANLIB=ranlib
ac_cv_prog_ac_ct_STRIP=strip
ac_cv_prog_cc_c89=
ac_cv_prog_cc_g=yes
ac_cv_prog_cxx_g=yes
ac_cv_prog_make_make_set=yes
ac_cv_type__Bool=yes
am_cv_CC_dependencies_compiler_type=gcc3
am_cv_CXX_dependencies_compiler_type=gcc3
lt_cv_ar_at_file=@
lt_cv_archive_cmds_need_lc=no
lt_cv_deplibs_check_method=pass_all
lt_cv_file_magic_cmd='$MAGIC_CMD'
lt_cv_file_magic_test_file=
lt_cv_ld_reload_flag=-r
lt_cv_nm_interface='BSD nm'
lt_cv_objdir=.libs
lt_cv_path_LD=/usr/bin/ld
lt_cv_path_LDCXX=/usr/bin/ld
lt_cv_path_NM='/usr/bin/nm -B'
lt_cv_path_mainfest_tool=no
lt_cv_prog_compiler_c_o=yes
lt_cv_prog_compiler_c_o_CXX=yes
lt_cv_prog_compiler_pic='-fPIC -DPIC'
lt_cv_prog_compiler_pic_CXX='-fPIC -DPIC'
lt_cv_prog_compiler_pic_works=yes
lt_cv_prog_compiler_pic_works_CXX=yes
lt_cv_prog_compiler_rtti_exceptions=no
lt_cv_prog_compiler_static_works=yes
lt_cv_prog_compiler_static_works_CXX=yes
lt_cv_prog_gnu_ld=yes
lt_cv_prog_gnu_ldcxx=yes
lt_cv_sharedlib_from_linklib_cmd='printf %s\n'
lt_cv_shlibpath_overrides_runpath=no
lt_cv_sys_global_symbol_pipe='sed -n -e '\''s/^.*[	 ]\([ABCDGIRSTW][ABCDGIRSTW]*\)[	 ][	 ]*\([_A-Za-z][_A-Za-z0-9]*\)$/\1 \2 \2/p'\'' | sed '\''/ __gnu_lto/d'\'''
lt_cv_sys_global_symbol_to_c_name_address='sed -n -e '\''s/^: \([^ ]*\)[ ]*$/  {\"\1\", (void *) 0},/p'\'' -e '\''s/^[ABCDGIRSTW]* \([^ ]*\) \([^ ]*\)$/  {"\2", (void *) \&\2},/p'\'''
lt_cv_sys_global_symbol_to_c_name_address_lib_prefix='sed -n -e '\''s/^: \([^ ]*\)[ ]*$/  {\"\1\", (void *) 0},/p'\'' -e '\''s/^[ABCDGIRSTW]* \([^ ]*\) \(lib[^ ]*\)$/  {"\2", (void *) \&\2},/p'\'' -e '\''s/^[ABCDGIRSTW]* \([^ ]*\) \([^ ]*\)$/  {"lib\2", (void *) \&\2},/p'\'''
lt_cv_sys_global_symbol_to_cdecl='sed -n -e '\''s/^T .* \(.*\)$/extern int \1();/p'\'' -e '\''s/^[ABCDGIRSTW]* .* \(.*\)$/extern char \1;/p'\'''
lt_cv_sys_max_cmd_len=1572864
lt_cv_to_host_file_cmd=func_convert_file_noop
lt_cv_to_tool_file_cmd=func_convert_file_noop

## ----------------- ##
## Output variables. ##
## ----------------- ##

ACLOCAL='${SHELL} /home/denes/Devel/Bleeding/denprot/dptcpp/missing --run aclocal-1.11'
AMDEPBACKSLASH='\'
AMDEP_FALSE='#'
AMDEP_TRUE=''
AMTAR='${SHELL} /home/denes/Devel/Bleeding/denprot/dptcpp/missing --run tar'
AR='ar'
AUTOCONF='${SHELL} /home/denes/Devel/Bleeding/denprot/dptcpp/missing --run autoconf'
AUTOHEADER='${SHELL} /home/denes/Devel/Bleeding/denprot/dptcpp/missing --run autoheader'
AUTOMAKE='${SHELL} /home/denes/Devel/Bleeding/denprot/dptcpp/missing --run automake-1.11'
AWK='gawk'
CC='gcc'
CCDEPMODE='depmode=gcc3'
CFLAGS='-g -O2'
CPP='gcc -E'
CPPFLAGS=''
CXX='g++'
CXXCPP='g++ -E'
CXXDEPMODE='depmode=gcc3'
CXXFLAGS='-g -O2'
CYGPATH_W='echo'
DEFS='-DHAVE_CONFIG_H'
DEPDIR='.deps'
DLLTOOL='false'
DSYMUTIL=''
DUMPBIN=''
ECHO_C=''
ECHO_N='-n'
ECHO_T=''
EGREP='/bin/grep -E'
EXEEXT=''
FGREP='/bin/grep -F'
GREP='/bin/grep'
INSTALL_DATA='${INSTALL} -m 644'
INSTALL_PROGRAM='${INSTALL}'
INSTALL_SCRIPT='${INSTALL}'
INSTALL_STRIP_PROGRAM='$(install_sh) -c -s'
LD='/usr/bin/ld'
LDFLAGS=''
LIBOBJS=''
LIBS=''
LIBTOOL='$(SHELL) $(top_builddir)/libtool'
LIPO=''
LN_S='ln -s'
LTLIBOBJS=''
MAKEINFO='${SHELL} /home/denes/Devel/Bleeding/denprot/dptcpp/missing --run makeinfo'
MANIFEST_TOOL=':'
MKDIR_P='/bin/mkdir -p'
NM='/usr/bin/nm -B'
NMEDIT=''
OBJDUMP='objdump'
OBJEXT='o'
OTOOL64=''
OTOOL=''
PACKAGE='dptcpp'
PACKAGE_BUGREPORT='denes.almasi@gmail.com'
PACKAGE_NAME='dptcpp'
PACKAGE_STRING='dptcpp 0.1'
PACKAGE_TARNAME='dptcpp'
PACKAGE_URL=''
PACKAGE_VERSION='0.1'
PATH_SEPARATOR=':'
RANLIB='ranlib'
SED='/bin/sed'
SET_MAKE=''
SHELL='/bin/sh'
STRIP='strip'
VERSION='0.1'
ac_ct_AR='ar'
ac_ct_CC='gcc'
ac_ct_CXX='g++'
ac_ct_DUMPBIN=''
am__EXEEXT_FALSE=''
am__EXEEXT_TRUE='#'
am__fastdepCC_FALSE='#'
am__fastdepCC_TRUE=''
am__fastdepCXX_FALSE='#'
am__fastdepCXX_TRUE=''
am__include='include'
am__isrc=''
am__leading_dot='.'
am__quote=''
am__tar='${AMTAR} chof - "$$tardir"'
am__untar='${AMTAR} xf -'
bindir='${exec_prefix}/bin'
build='i686-pc-linux-gnu'
build_alias=''
build_cpu='i686'
build_os='linux-gnu'
build_vendor='pc'
datadir='${datarootdir}'
datarootdir='${prefix}/share'
docdir='${datarootdir}/doc/${PACKAGE_TARNAME}'
dvidir='${docdir}'
exec_prefix='${prefix}'
host='i686-pc-linux-gnu'
host_alias=''
host_cpu='i686'
host_os='linux-gnu'
host_vendor='pc'
htmldir='${docdir}'
includedir='${prefix}/include'
infodir='${datarootdir}/info'
install_sh='${SHELL} /home/denes/Devel/Bleeding/denprot/dptcpp/install-sh'
libdir='${exec_prefix}/lib'
libexecdir='${exec_prefix}/libexec'
localedir='${datarootdir}/locale'
localstatedir='${prefix}/var'
mandir='${datarootdir}/man'
mkdir_p='/bin/mkdir -p'
oldincludedir='/usr/include'
pdfdir='${docdir}'
prefix='/usr'
program_transform_name='s,x,x,'
psdir='${docdir}'
sbindir='${exec_prefix}/sbin'
sharedstatedir='${prefix}/com'
sysconfdir='${prefix}/etc'
target_alias=''

## ----------- ##
## confdefs.h. ##
## ----------- ##

/* confdefs.h */
#define PACKAGE_NAME "dptcpp"
#define PACKAGE_TARNAME "dptcpp"
#define PACKAGE_VERSION "0.1"
#define PACKAGE_STRING "dptcpp 0.1"
#define PACKAGE_BUGREPORT "denes.almasi@gmail.com"
#define PACKAGE_URL ""
#define STDC_HEADERS 1
#define HAVE_SYS_TYPES_H 1
#define HAVE_SYS_STAT_H 1
#define HAVE_STDLIB_H 1
#define HAVE_STRING_H 1
#define HAVE_MEMORY_H 1
#define HAVE_STRINGS_H 1
#define HAVE_INTTYPES_H 1
#define HAVE_STDINT_H 1
#define HAVE_UNISTD_H 1
#define HAVE_DLFCN_H 1
#define LT_OBJDIR ".libs/"
#define PACKAGE "dptcpp"
#define VERSION "0.1"
#define HAVE_STDLIB_H 1
#define HAVE_STRING_H 1
#define HAVE__BOOL 1
#define HAVE_STDBOOL_H 1

configure: exit 0

## ---------------------- ##
## Running config.status. ##
## ---------------------- ##

This file was extended by dptcpp config.status 0.1, which was
generated by GNU Autoconf 2.68.  Invocation command line was

  CONFIG_FILES    = 
  CONFIG_HEADERS  = 
  CONFIG_LINKS    = 
  CONFIG_COMMANDS = 
  $ ./config.status inc/Makefile

on athen

config.status:1157: creating inc/Makefile
